[2019-11-14 04:16:36] START
[2019-11-14 04:16:50] CREATE table.py: 0
[2019-11-14 04:25:11] EDIT base_clientes/models/table.py: 24
[2019-11-14 04:31:46] EDIT base_clientes/models/table.py: 10
[2019-11-14 04:32:24] EDIT base_clientes/controllers/default.py: 0
[2019-11-14 04:32:47] EDIT base_clientes/controllers/default.py: 0
[2019-11-14 04:33:37] EDIT base_clientes/controllers/default.py: 0
[2019-11-14 04:34:06] EDIT base_clientes/views/default/index.html: -31
[2019-11-14 04:34:31] EDIT base_clientes/controllers/default.py: 1
[2019-11-14 04:34:55] EDIT base_clientes/controllers/default.py: 1
[2019-11-14 04:37:36] EDIT base_clientes/controllers/default.py: 0
[2019-11-14 04:44:19] EDIT base_clientes/controllers/default.py: 1
[2019-11-14 04:44:48] EDIT base_clientes/controllers/default.py: 0
[2019-11-14 04:46:38] EDIT base_clientes/views/default/index.html: 0
[2019-11-14 04:46:48] EDIT base_clientes/views/default/index.html: 0
[2019-11-14 04:47:11] EDIT base_clientes/views/default/index.html: 0
[2019-11-14 04:47:22] EDIT base_clientes/views/default/index.html: 0
[2019-11-14 04:47:41] EDIT base_clientes/views/default/index.html: 0
[2019-11-14 04:47:48] EDIT base_clientes/views/default/index.html: 0
[2019-11-14 04:48:38] EDIT base_clientes/views/default/index.html: 0
[2019-11-14 04:49:54] EDIT base_clientes/views/layout.html: 7
[2019-11-14 04:50:17] EDIT base_clientes/views/default/index.html: 0
[2019-11-14 04:50:35] EDIT base_clientes/views/default/index.html: 1
[2019-11-14 04:50:52] EDIT base_clientes/views/default/index.html: -2
[2019-11-14 04:51:01] EDIT base_clientes/views/default/index.html: 0
[2019-11-14 04:51:44] EDIT base_clientes/views/layout.html: 0
[2019-11-14 04:52:47] EDIT base_clientes/views/layout.html: -3
[2019-11-14 04:57:00] EDIT base_clientes/models/menu.py: -89
[2019-11-14 04:57:41] EDIT base_clientes/models/menu.py: 1
[2019-11-14 04:57:56] EDIT base_clientes/models/menu.py: -1
[2019-11-14 04:58:19] EDIT base_clientes/models/menu.py: 0
[2019-11-14 05:12:14] EDIT base_clientes/models/table.py: 0
[2019-11-14 05:15:00] EDIT base_clientes/models/table.py: 0
[2019-11-14 05:21:25] EDIT base_clientes/models/table.py: 0
[2019-11-14 05:22:15] EDIT base_clientes/models/table.py: 0
[2019-11-14 05:22:35] EDIT base_clientes/models/table.py: 0
[2019-11-14 05:23:16] EDIT base_clientes/models/table.py: 0
[2019-11-14 05:23:23] EDIT base_clientes/models/table.py: 0
[2019-11-14 05:27:27] EDIT base_clientes/controllers/default.py: 1
[2019-11-14 05:28:20] EDIT base_clientes/models/table.py: 0
[2019-11-14 05:28:44] EDIT base_clientes/controllers/default.py: -1
[2019-11-14 05:31:54] EDIT base_clientes/controllers/default.py: 0
[2019-11-14 05:33:49] EDIT base_clientes/controllers/default.py: 0
[2019-11-14 05:34:43] EDIT base_clientes/controllers/default.py: 0
[2019-11-14 05:41:32] EDIT base_clientes/controllers/default.py: 0
[2019-11-14 05:42:15] EDIT base_clientes/controllers/default.py: 0
[2019-11-14 05:46:32] EDIT base_clientes/controllers/default.py: 0
[2019-11-14 05:48:38] EDIT base_clientes/controllers/default.py: -1
[2019-11-14 05:50:39] EDIT base_clientes/controllers/default.py: 1
[2019-11-14 05:50:45] EDIT base_clientes/controllers/default.py: 0
[2019-11-14 05:53:00] EDIT base_clientes/models/menu.py: 2
[2019-11-14 05:54:38] EDIT base_clientes/controllers/default.py: 12
[2019-11-14 05:55:06] CREATE default/customers.html: 0
[2019-11-14 05:55:20] EDIT base_clientes/views/default/customers.html: -1
[2019-11-14 05:55:53] CREATE default/schedule.html: 0
[2019-11-14 05:56:10] EDIT base_clientes/views/default/schedule.html: -1
[2019-11-14 05:56:30] EDIT base_clientes/views/default/index.html: -4
[2019-11-14 05:56:49] EDIT base_clientes/views/layout.html: 2
[2019-11-14 05:57:32] EDIT base_clientes/controllers/default.py: 0
[2019-11-14 05:58:04] EDIT base_clientes/controllers/default.py: 0
[2019-11-14 06:00:40] EDIT base_clientes/controllers/default.py: 0
[2019-11-14 06:00:59] EDIT base_clientes/controllers/default.py: 0
[2019-11-14 06:01:32] EDIT base_clientes/controllers/default.py: 0
[2019-11-14 06:01:35] EDIT base_clientes/controllers/default.py: 0
[2019-11-14 06:02:22] EDIT base_clientes/controllers/default.py: 0
[2019-11-14 06:02:25] EDIT base_clientes/controllers/default.py: 0
[2019-11-14 06:02:56] EDIT base_clientes/controllers/default.py: 0
[2019-11-14 06:03:28] EDIT base_clientes/controllers/default.py: 0
[2019-11-14 06:04:01] EDIT base_clientes/controllers/default.py: 0
[2019-11-14 06:04:41] EDIT base_clientes/controllers/default.py: 0
[2019-11-14 06:07:06] EDIT base_clientes/views/default/index.html: 7
[2019-11-14 06:07:30] EDIT base_clientes/views/default/schedule.html: 5
[2019-11-14 06:07:45] EDIT base_clientes/views/default/customers.html: 5
[2019-11-14 06:07:53] EDIT base_clientes/views/default/schedule.html: 0
[2019-11-14 06:08:16] EDIT base_clientes/views/default/index.html: 1
[2019-11-14 06:08:20] EDIT base_clientes/views/default/customers.html: 1
[2019-11-14 06:08:32] EDIT base_clientes/views/default/schedule.html: 1
[2019-11-14 06:08:53] EDIT base_clientes/views/default/index.html: 0
[2019-11-14 06:08:58] EDIT base_clientes/views/default/customers.html: 0
[2019-11-14 06:09:51] EDIT base_clientes/views/default/index.html: -2
[2019-11-14 06:10:22] EDIT base_clientes/views/default/index.html: 0
[2019-11-14 06:11:32] EDIT base_clientes/views/default/index.html: 0
[2019-11-14 06:11:43] EDIT base_clientes/views/default/index.html: 0
[2019-11-14 06:14:24] EDIT base_clientes/views/default/index.html: 0
[2019-11-14 06:15:33] EDIT base_clientes/views/default/customers.html: 0
[2019-11-14 06:16:28] EDIT base_clientes/views/default/customers.html: 0
[2019-11-14 19:14:15] EDIT base_clientes/models/table.py: 0
[2019-11-14 19:14:24] EDIT base_clientes/models/table.py: 0
[2019-11-14 19:14:31] EDIT base_clientes/models/table.py: 0
[2019-11-14 19:14:50] EDIT base_clientes/models/table.py: 0
[2019-11-14 19:15:09] EDIT base_clientes/models/table.py: 0
[2019-11-14 19:40:44] EDIT base_clientes/models/table.py: 0
[2019-11-16 00:25:39] EDIT base_clientes/controllers/default.py: 0
[2019-11-16 00:25:55] EDIT base_clientes/controllers/default.py: 0
[2019-11-16 00:26:09] EDIT base_clientes/controllers/default.py: 0
[2019-11-16 00:26:18] EDIT base_clientes/controllers/default.py: 0
[2019-11-16 20:19:00] EDIT base_clientes/controllers/default.py: 0
